<?xml version="1.0" encoding="UTF-8"?>
<testng-results ignored="1" total="2" passed="1" failed="0" skipped="0">
  <reporter-output>
  </reporter-output>
  <suite started-at="2021-08-04T02:15:33 EDT" name="Default suite" finished-at="2021-08-04T02:15:51 EDT" duration-ms="17589">
    <groups>
    </groups>
    <test started-at="2021-08-04T02:15:33 EDT" name="Default test" finished-at="2021-08-04T02:15:51 EDT" duration-ms="17589">
      <class name="classAction.DragDropTest">
        <test-method is-config="true" signature="setUp()[pri:0, instance:classAction.DragDropTest@2c1b194a]" started-at="2021-08-04T02:15:33 EDT" name="setUp" finished-at="2021-08-04T02:15:36 EDT" duration-ms="2566" status="PASS">
          <reporter-output>
          </reporter-output>
        </test-method> <!-- setUp -->
        <test-method signature="dragDrop2()[pri:0, instance:classAction.DragDropTest@2c1b194a]" started-at="2021-08-04T02:15:36 EDT" name="dragDrop2" finished-at="2021-08-04T02:15:46 EDT" duration-ms="9995" status="PASS">
          <reporter-output>
          </reporter-output>
        </test-method> <!-- dragDrop2 -->
        <test-method is-config="true" signature="tearDown()[pri:0, instance:classAction.DragDropTest@2c1b194a]" started-at="2021-08-04T02:15:46 EDT" name="tearDown" finished-at="2021-08-04T02:15:51 EDT" duration-ms="5010" status="PASS">
          <reporter-output>
          </reporter-output>
        </test-method> <!-- tearDown -->
      </class> <!-- classAction.DragDropTest -->
    </test> <!-- Default test -->
  </suite> <!-- Default suite -->
</testng-results>
