<?xml version="1.0" encoding="UTF-8"?>
<testng-results ignored="0" total="1" passed="1" failed="0" skipped="0">
  <reporter-output>
  </reporter-output>
  <suite started-at="2021-08-03T16:07:10 EDT" name="Default suite" finished-at="2021-08-03T16:07:21 EDT" duration-ms="11183">
    <groups>
    </groups>
    <test started-at="2021-08-03T16:07:10 EDT" name="Default test" finished-at="2021-08-03T16:07:21 EDT" duration-ms="11183">
      <class name="classAction.LeftClickTest">
        <test-method is-config="true" signature="setUp()[pri:0, instance:classAction.LeftClickTest@316bcf94]" started-at="2021-08-03T16:07:10 EDT" name="setUp" finished-at="2021-08-03T16:07:12 EDT" duration-ms="1624" status="PASS">
          <reporter-output>
          </reporter-output>
        </test-method> <!-- setUp -->
        <test-method signature="leftClickTest()[pri:0, instance:classAction.LeftClickTest@316bcf94]" started-at="2021-08-03T16:07:12 EDT" name="leftClickTest" finished-at="2021-08-03T16:07:16 EDT" duration-ms="4536" status="PASS">
          <reporter-output>
          </reporter-output>
        </test-method> <!-- leftClickTest -->
        <test-method is-config="true" signature="tearDown()[pri:0, instance:classAction.LeftClickTest@316bcf94]" started-at="2021-08-03T16:07:16 EDT" name="tearDown" finished-at="2021-08-03T16:07:21 EDT" duration-ms="5004" status="PASS">
          <reporter-output>
          </reporter-output>
        </test-method> <!-- tearDown -->
      </class> <!-- classAction.LeftClickTest -->
    </test> <!-- Default test -->
  </suite> <!-- Default suite -->
</testng-results>
